<?xml version="1.0" encoding="UTF-8"?>
<!-- Generated by org.testng.reporters.JUnitReportReporter -->
<testsuite hostname="TYSS-Chaithra" failures="0" tests="1" name="sampleTests.DemoTest" time="0.005" errors="0" timestamp="2022-09-12T12:33:33 IST" skipped="0">
  <testcase classname="sampleTests.DemoTest" name="demo" time="0.005"/>
  <system-out/>
</testsuite> <!-- sampleTests.DemoTest -->
