<?xml version="1.0" encoding="UTF-8"?>
<!-- Generated by org.testng.reporters.JUnitReportReporter -->
<testsuite hostname="TYSS-Chaithra" failures="0" tests="1" name="sampleTests.Demo" time="0.005" errors="0" timestamp="2022-09-08T11:38:49 IST" skipped="0">
  <testcase classname="sampleTests.Demo" name="demo" time="0.005"/>
  <system-out/>
</testsuite> <!-- sampleTests.Demo -->
